<?xml version="1.0" encoding="UTF-8"?>
<testsuite errors="4" failures="0" name="9To12_tests.Test5To8-20151201172407" tests="4" time="0.001">
	<testcase classname="9To12_tests.Test5To8" name="test_09" time="0.000">
		<error message="name 'utils' is not defined" type="NameError">
<![CDATA[Traceback (most recent call last):
  File "/home/gaems-dev/Escritorio/EGC/agora-results-tests/src/unittest/python/9To12_tests.py", line 14, in test_09
    utils.executeAgoraResults('test_09')
NameError: name 'utils' is not defined
]]>		</error>
	</testcase>
	<testcase classname="9To12_tests.Test5To8" name="test_10" time="0.000">
		<error message="name 'utils' is not defined" type="NameError">
<![CDATA[Traceback (most recent call last):
  File "/home/gaems-dev/Escritorio/EGC/agora-results-tests/src/unittest/python/9To12_tests.py", line 36, in test_10
    utils.executeAgoraResults('test_10')
NameError: name 'utils' is not defined
]]>		</error>
	</testcase>
	<testcase classname="9To12_tests.Test5To8" name="test_11" time="0.000">
		<error message="name 'utils' is not defined" type="NameError">
<![CDATA[Traceback (most recent call last):
  File "/home/gaems-dev/Escritorio/EGC/agora-results-tests/src/unittest/python/9To12_tests.py", line 56, in test_11
    utils.executeAgoraResults('test_11')
NameError: name 'utils' is not defined
]]>		</error>
	</testcase>
	<testcase classname="9To12_tests.Test5To8" name="test_12" time="0.000">
		<error message="name 'utils' is not defined" type="NameError">
<![CDATA[Traceback (most recent call last):
  File "/home/gaems-dev/Escritorio/EGC/agora-results-tests/src/unittest/python/9To12_tests.py", line 78, in test_12
    utils.executeAgoraResults('test_12')
NameError: name 'utils' is not defined
]]>		</error>
	</testcase>
	<system-out>
<![CDATA[]]>	</system-out>
	<system-err>
<![CDATA[]]>	</system-err>
</testsuite>
